[0.014s] Invoking command in '/home/toffanetto/ecai21/src/build/two_turtle_control': CMAKE_PREFIX_PATH=/opt/ros/foxy /usr/bin/cmake --build /home/toffanetto/ecai21/src/build/two_turtle_control -- -j12 -l12
[0.055s] [35m[1mScanning dependencies of target two_turtle[0m
[0.084s] [ 50%] [32mBuilding CXX object CMakeFiles/two_turtle.dir/src/two_turtle.cpp.o[0m
[1.194s] [01m[K/home/toffanetto/ecai21/src/two_turtle_control/src/two_turtle.cpp:61:6:[m[K [01;31m[Kerror: [m[Kdeclaration of â€˜[01m[Kvoid TwoTurtle::pose_1_callback(turtlesim::msg::Pose_<std::allocator<void> >::SharedPtr)[m[Kâ€™ outside of class is not definition [[01;31m[K-fpermissive[m[K]
[1.194s]    61 | void [01;31m[KTwoTurtle[m[K::pose_1_callback(const turtlesim::msg::Pose::SharedPtr target1);{
[1.194s]       |      [01;31m[K^~~~~~~~~[m[K
[1.194s] [01m[K/home/toffanetto/ecai21/src/two_turtle_control/src/two_turtle.cpp:61:80:[m[K [01;31m[Kerror: [m[Kexpected unqualified-id before â€˜[01m[K{[m[Kâ€™ token
[1.194s]    61 | void TwoTurtle::pose_1_callback(const turtlesim::msg::Pose::SharedPtr target1);[01;31m[K{[m[K
[1.194s]       |                                                                                [01;31m[K^[m[K
[1.194s] [01m[K/home/toffanetto/ecai21/src/two_turtle_control/src/two_turtle.cpp:69:6:[m[K [01;31m[Kerror: [m[Kdeclaration of â€˜[01m[Kvoid TwoTurtle::pose_2_callback(turtlesim::msg::Pose_<std::allocator<void> >::SharedPtr)[m[Kâ€™ outside of class is not definition [[01;31m[K-fpermissive[m[K]
[1.194s]    69 | void [01;31m[KTwoTurtle[m[K::pose_2_callback(const turtlesim::msg::Pose::SharedPtr target2);{
[1.194s]       |      [01;31m[K^~~~~~~~~[m[K
[1.195s] [01m[K/home/toffanetto/ecai21/src/two_turtle_control/src/two_turtle.cpp:69:80:[m[K [01;31m[Kerror: [m[Kexpected unqualified-id before â€˜[01m[K{[m[Kâ€™ token
[1.195s]    69 | void TwoTurtle::pose_2_callback(const turtlesim::msg::Pose::SharedPtr target2);[01;31m[K{[m[K
[1.195s]       |                                                                                [01;31m[K^[m[K
[2.485s] make[2]: *** [CMakeFiles/two_turtle.dir/build.make:63: CMakeFiles/two_turtle.dir/src/two_turtle.cpp.o] Error 1
[2.485s] make[1]: *** [CMakeFiles/Makefile2:78: CMakeFiles/two_turtle.dir/all] Error 2
[2.485s] make: *** [Makefile:141: all] Error 2
[2.487s] Invoked command in '/home/toffanetto/ecai21/src/build/two_turtle_control' returned '2': CMAKE_PREFIX_PATH=/opt/ros/foxy /usr/bin/cmake --build /home/toffanetto/ecai21/src/build/two_turtle_control -- -j12 -l12
